<?xml version="1.0" encoding="UTF-8"?>
<testng-results skipped="0" failed="0" total="1" passed="1">
  <reporter-output>
  </reporter-output>
  <suite name="Suite" duration-ms="18438" started-at="2013-10-29T10:53:57Z" finished-at="2013-10-29T10:54:15Z">
    <groups>
    </groups>
    <test name="Default test" duration-ms="18438" started-at="2013-10-29T10:53:57Z" finished-at="2013-10-29T10:54:15Z">
      <class name="com.mycompany.app.MyFirstTest">
        <test-method status="PASS" signature="setUp(java.lang.String, java.lang.String)[pri:0, instance:com.mycompany.app.MyFirstTest@949f69]" name="setUp" is-config="true" duration-ms="10516" started-at="2013-10-29T16:23:57Z" finished-at="2013-10-29T16:24:07Z">
          <params>
            <param index="0">
              <value>
                <![CDATA[firefox]]>
              </value>
            </param>
            <param index="1">
              <value>
                <![CDATA[C:\\avinjose\\workspace\\Bluefin-Tests-MobileCommerce\\chromedriver.exe]]>
              </value>
            </param>
          </params>
          <reporter-output>
          </reporter-output>
        </test-method> <!-- setUp -->
        <test-method status="PASS" signature="testGoogle()[pri:0, instance:com.mycompany.app.MyFirstTest@949f69]" name="testGoogle" duration-ms="7625" started-at="2013-10-29T16:24:07Z" finished-at="2013-10-29T16:24:15Z">
          <reporter-output>
          </reporter-output>
        </test-method> <!-- testGoogle -->
        <test-method status="PASS" signature="tearDown()[pri:0, instance:com.mycompany.app.MyFirstTest@949f69]" name="tearDown" is-config="true" duration-ms="265" started-at="2013-10-29T16:24:15Z" finished-at="2013-10-29T16:24:15Z">
          <reporter-output>
          </reporter-output>
        </test-method> <!-- tearDown -->
      </class> <!-- com.mycompany.app.MyFirstTest -->
    </test> <!-- Default test -->
  </suite> <!-- Suite -->
</testng-results>
